Not Found: /robots.txt
Not Found: /favicon.ico
Not Found: /wordpress/wp-admin/setup-config.php
Not Found: /wordpress/wp-admin/setup-config.php
Not Found: /wp-admin/setup-config.php
Not Found: /robots.txt
Not Found: /addis-ababa
Not Found: /xmlrpc.php
Not Found: /robots.txt
Not Found: /robots.txt
Not Found: /robots.txt
Not Found: /wp-admin/setup-config.php
Not Found: /wordpress/wp-admin/setup-config.php
Not Found: /wp-admin/setup-config.php
Not Found: /wordpress/wp-admin/setup-config.php
Not Found: /media/system/js/core.js
Not Found: /wp-includes/js/jquery/jquery.js
Not Found: /xmlrpc.php
Not Found: /wordpress/
Not Found: /wordpress/wp-admin/setup-config.php
Not Found: /wp-admin/setup-config.php
Not Found: /wordpress/wp-admin/setup-config.php
Not Found: /wp-admin/setup-config.php
Not Found: /favicon.ico
Not Found: /favicon.ico
Not Found: /robots.txt
Not Found: /robots.txt
Not Found: /main.js
Not Found: /resources/hero-workspace.png
Not Found: /robots.txt
Not Found: /wp-admin/setup-config.php
Not Found: /wordpress/wp-admin/setup-config.php
Not Found: /wp-admin/setup-config.php
Not Found: /wordpress/wp-admin/setup-config.php
Not Found: /main.js
Not Found: /resources/hero-workspace.png
Not Found: /favicon.ico
Not Found: /cpannel
Not Found: /favicon.ico
Not Found: /favicon.ico
Not Found: /main.js
Not Found: /resources/hero-workspace.png
Not Found: /main.js
Not Found: /resources/hero-workspace.png
Not Found: /favicon.ico
